   0.0 TEL | Telepresence 0.105 launched at Mon May 25 16:09:42 2020
   0.0 TEL |   /usr/local/bin/telepresence
   0.0 TEL | uname: uname_result(system='Darwin', node='zhangrongdeMBP.lan', release='19.4.0', version='Darwin Kernel Version 19.4.0: Wed Mar  4 22:28:40 PST 2020; root:xnu-6153.101.6~15/RELEASE_X86_64', machine='x86_64', processor='i386')
   0.0 TEL | Platform: darwin
   0.0 TEL | WSL: False
   0.0 TEL | Python 3.7.7 (default, Mar 10 2020, 15:43:33)
   0.0 TEL | [Clang 11.0.0 (clang-1100.0.33.17)]
   0.1 TEL | BEGIN SPAN main.py:40(main)
   0.1 TEL | BEGIN SPAN startup.py:83(set_kube_command)
   0.1 TEL | Found kubectl -> /usr/local/bin/kubectl
   0.1 TEL | [1] Capturing: kubectl config current-context
   0.1 TEL | [1] captured in 0.05 secs.
   0.1 TEL | [2] Capturing: kubectl --context zhongtai-k8s version --short
   0.4 TEL | [2] captured in 0.28 secs.
   0.4 TEL | [3] Capturing: kubectl --context zhongtai-k8s config view -o json
   0.4 TEL | [3] captured in 0.05 secs.
   0.4 TEL | [4] Capturing: kubectl --context zhongtai-k8s get ns default
   0.7 TEL | [4] captured in 0.25 secs.
   0.7 TEL | [5] Capturing: kubectl --context zhongtai-k8s api-versions
   1.0 TEL | [5] captured in 0.33 secs.
   1.0 TEL | Command: kubectl 1.16.6-beta.0
   1.0 TEL | Context: zhongtai-k8s, namespace: default, version: 1.15.6
   1.0 TEL | END SPAN startup.py:83(set_kube_command)    1.0s
   1.0 TEL | Found ssh -> /usr/bin/ssh
   1.0 TEL | [6] Capturing: ssh -V
   1.0 TEL | [6] captured in 0.02 secs.
   1.0 TEL | Found bash -> /bin/bash
   1.0 TEL | Found sshuttle-telepresence -> /usr/local/Cellar/telepresence/0.105/libexec/sshuttle-telepresence
   1.0 TEL | Found pfctl -> /sbin/pfctl
   1.0 TEL | Found sudo -> /usr/bin/sudo
   1.0 TEL | [7] Running: sudo -n echo -n
   1.1 TEL | [7] ran in 0.02 secs.
   1.1 >>> | Starting proxy with method 'vpn-tcp', which has the following limitations: All processes are affected, only one telepresence can run per machine, and you can't use other VPNs. You may need to add cloud hosts and headless services with --also-proxy. For a full list of method limitations see https://telepresence.io/reference/methods.html
   1.1 TEL | Found sshfs -> /usr/local/bin/sshfs
   1.1 TEL | Found umount -> /sbin/umount
   1.1 >>> | Volumes are rooted at $TELEPRESENCE_ROOT. See https://telepresence.io/howto/volumes.html for details.
   1.1 TEL | [8] Running: kubectl --context zhongtai-k8s --namespace default get pods telepresence-connectivity-check --ignore-not-found
   1.3 TEL | [8] ran in 0.27 secs.
   2.7 TEL | Scout info: {'latest_version': '0.105', 'application': 'telepresence', 'notices': []}
   2.7 TEL | BEGIN SPAN deployment.py:182(create_new_deployment)
   2.7 >>> | Starting network proxy to cluster using new Deployment telepresence-1590394182-539615-13442
   2.7 TEL | [9] Running: kubectl --context zhongtai-k8s --namespace default delete --ignore-not-found svc,deploy --selector=telepresence=fb175b96372a4e9aa4c2a77c7fab4683
   2.9   9 | No resources found
   2.9 TEL | [9] ran in 0.27 secs.
   2.9 TEL | [10] Running: kubectl --context zhongtai-k8s --namespace default create -f -
   3.5  10 | deployment.apps/telepresence-1590394182-539615-13442 created
   3.5 TEL | [10] ran in 0.52 secs.
   3.5 TEL | END SPAN deployment.py:182(create_new_deployment)    0.8s
   3.5 TEL | BEGIN SPAN remote.py:142(get_remote_info)
   3.5 TEL | BEGIN SPAN remote.py:75(get_deployment_json)
   3.5 TEL | [11] Capturing: kubectl --context zhongtai-k8s --namespace default get deployment -o json --selector=telepresence=fb175b96372a4e9aa4c2a77c7fab4683
   3.8 TEL | [11] captured in 0.29 secs.
   3.8 TEL | END SPAN remote.py:75(get_deployment_json)    0.3s
   3.8 TEL | Searching for Telepresence pod:
   3.8 TEL |   with name telepresence-1590394182-539615-13442-*
   3.8 TEL |   with labels {'telepresence': 'fb175b96372a4e9aa4c2a77c7fab4683'}
   3.8 TEL | [12] Capturing: kubectl --context zhongtai-k8s --namespace default get pod -o json --selector=telepresence=fb175b96372a4e9aa4c2a77c7fab4683
   4.1 TEL | [12] captured in 0.33 secs.
   4.1 TEL | Checking telepresence-1590394182-539615-13442-7f7794b5c9-s2qlq
   4.1 TEL | Looks like we've found our pod!
   4.1 TEL | BEGIN SPAN remote.py:104(wait_for_pod)
   4.1 TEL | [13] Capturing: kubectl --context zhongtai-k8s --namespace default get pod telepresence-1590394182-539615-13442-7f7794b5c9-s2qlq -o json
   4.4 TEL | [13] captured in 0.32 secs.
   4.7 TEL | [14] Capturing: kubectl --context zhongtai-k8s --namespace default get pod telepresence-1590394182-539615-13442-7f7794b5c9-s2qlq -o json
   5.0 TEL | [14] captured in 0.36 secs.
   5.3 TEL | [15] Capturing: kubectl --context zhongtai-k8s --namespace default get pod telepresence-1590394182-539615-13442-7f7794b5c9-s2qlq -o json
   5.6 TEL | [15] captured in 0.27 secs.
   5.8 TEL | [16] Capturing: kubectl --context zhongtai-k8s --namespace default get pod telepresence-1590394182-539615-13442-7f7794b5c9-s2qlq -o json
   6.1 TEL | [16] captured in 0.26 secs.
   6.3 TEL | [17] Capturing: kubectl --context zhongtai-k8s --namespace default get pod telepresence-1590394182-539615-13442-7f7794b5c9-s2qlq -o json
   6.6 TEL | [17] captured in 0.27 secs.
   6.8 TEL | [18] Capturing: kubectl --context zhongtai-k8s --namespace default get pod telepresence-1590394182-539615-13442-7f7794b5c9-s2qlq -o json
   7.1 TEL | [18] captured in 0.28 secs.
   7.4 TEL | [19] Capturing: kubectl --context zhongtai-k8s --namespace default get pod telepresence-1590394182-539615-13442-7f7794b5c9-s2qlq -o json
   7.7 TEL | [19] captured in 0.28 secs.
   7.9 TEL | [20] Capturing: kubectl --context zhongtai-k8s --namespace default get pod telepresence-1590394182-539615-13442-7f7794b5c9-s2qlq -o json
   8.2 TEL | [20] captured in 0.27 secs.
   8.4 TEL | [21] Capturing: kubectl --context zhongtai-k8s --namespace default get pod telepresence-1590394182-539615-13442-7f7794b5c9-s2qlq -o json
   8.7 TEL | [21] captured in 0.26 secs.
   8.9 TEL | [22] Capturing: kubectl --context zhongtai-k8s --namespace default get pod telepresence-1590394182-539615-13442-7f7794b5c9-s2qlq -o json
   9.2 TEL | [22] captured in 0.26 secs.
   9.5 TEL | [23] Capturing: kubectl --context zhongtai-k8s --namespace default get pod telepresence-1590394182-539615-13442-7f7794b5c9-s2qlq -o json
   9.8 TEL | [23] captured in 0.34 secs.
  10.1 TEL | [24] Capturing: kubectl --context zhongtai-k8s --namespace default get pod telepresence-1590394182-539615-13442-7f7794b5c9-s2qlq -o json
  10.3 TEL | [24] captured in 0.26 secs.
  10.6 TEL | [25] Capturing: kubectl --context zhongtai-k8s --namespace default get pod telepresence-1590394182-539615-13442-7f7794b5c9-s2qlq -o json
  10.8 TEL | [25] captured in 0.27 secs.
  11.1 TEL | [26] Capturing: kubectl --context zhongtai-k8s --namespace default get pod telepresence-1590394182-539615-13442-7f7794b5c9-s2qlq -o json
  11.4 TEL | [26] captured in 0.26 secs.
  11.6 TEL | [27] Capturing: kubectl --context zhongtai-k8s --namespace default get pod telepresence-1590394182-539615-13442-7f7794b5c9-s2qlq -o json
  11.9 TEL | [27] captured in 0.26 secs.
  12.1 TEL | [28] Capturing: kubectl --context zhongtai-k8s --namespace default get pod telepresence-1590394182-539615-13442-7f7794b5c9-s2qlq -o json
  12.4 TEL | [28] captured in 0.27 secs.
  12.6 TEL | [29] Capturing: kubectl --context zhongtai-k8s --namespace default get pod telepresence-1590394182-539615-13442-7f7794b5c9-s2qlq -o json
  12.9 TEL | [29] captured in 0.26 secs.
  13.2 TEL | [30] Capturing: kubectl --context zhongtai-k8s --namespace default get pod telepresence-1590394182-539615-13442-7f7794b5c9-s2qlq -o json
  13.4 TEL | [30] captured in 0.26 secs.
  13.7 TEL | [31] Capturing: kubectl --context zhongtai-k8s --namespace default get pod telepresence-1590394182-539615-13442-7f7794b5c9-s2qlq -o json
  13.9 TEL | [31] captured in 0.26 secs.
  14.2 TEL | [32] Capturing: kubectl --context zhongtai-k8s --namespace default get pod telepresence-1590394182-539615-13442-7f7794b5c9-s2qlq -o json
  14.5 TEL | [32] captured in 0.26 secs.
  14.7 TEL | [33] Capturing: kubectl --context zhongtai-k8s --namespace default get pod telepresence-1590394182-539615-13442-7f7794b5c9-s2qlq -o json
  15.0 TEL | [33] captured in 0.26 secs.
  15.2 TEL | [34] Capturing: kubectl --context zhongtai-k8s --namespace default get pod telepresence-1590394182-539615-13442-7f7794b5c9-s2qlq -o json
  15.5 TEL | [34] captured in 0.26 secs.
  15.7 TEL | [35] Capturing: kubectl --context zhongtai-k8s --namespace default get pod telepresence-1590394182-539615-13442-7f7794b5c9-s2qlq -o json
  16.0 TEL | [35] captured in 0.26 secs.
  16.2 TEL | [36] Capturing: kubectl --context zhongtai-k8s --namespace default get pod telepresence-1590394182-539615-13442-7f7794b5c9-s2qlq -o json
  16.5 TEL | [36] captured in 0.27 secs.
  16.8 TEL | [37] Capturing: kubectl --context zhongtai-k8s --namespace default get pod telepresence-1590394182-539615-13442-7f7794b5c9-s2qlq -o json
  17.0 TEL | [37] captured in 0.26 secs.
  17.3 TEL | [38] Capturing: kubectl --context zhongtai-k8s --namespace default get pod telepresence-1590394182-539615-13442-7f7794b5c9-s2qlq -o json
  17.7 TEL | [38] captured in 0.37 secs.
  17.9 TEL | [39] Capturing: kubectl --context zhongtai-k8s --namespace default get pod telepresence-1590394182-539615-13442-7f7794b5c9-s2qlq -o json
  18.2 TEL | [39] captured in 0.26 secs.
  18.4 TEL | [40] Capturing: kubectl --context zhongtai-k8s --namespace default get pod telepresence-1590394182-539615-13442-7f7794b5c9-s2qlq -o json
  18.7 TEL | [40] captured in 0.26 secs.
  18.9 TEL | [41] Capturing: kubectl --context zhongtai-k8s --namespace default get pod telepresence-1590394182-539615-13442-7f7794b5c9-s2qlq -o json
  19.3 TEL | [41] captured in 0.33 secs.
  19.5 TEL | [42] Capturing: kubectl --context zhongtai-k8s --namespace default get pod telepresence-1590394182-539615-13442-7f7794b5c9-s2qlq -o json
  19.8 TEL | [42] captured in 0.27 secs.
  20.0 TEL | [43] Capturing: kubectl --context zhongtai-k8s --namespace default get pod telepresence-1590394182-539615-13442-7f7794b5c9-s2qlq -o json
  20.3 TEL | [43] captured in 0.25 secs.
  20.5 TEL | [44] Capturing: kubectl --context zhongtai-k8s --namespace default get pod telepresence-1590394182-539615-13442-7f7794b5c9-s2qlq -o json
  20.8 TEL | [44] captured in 0.27 secs.
  21.1 TEL | [45] Capturing: kubectl --context zhongtai-k8s --namespace default get pod telepresence-1590394182-539615-13442-7f7794b5c9-s2qlq -o json
  21.4 TEL | [45] captured in 0.35 secs.
  21.7 TEL | [46] Capturing: kubectl --context zhongtai-k8s --namespace default get pod telepresence-1590394182-539615-13442-7f7794b5c9-s2qlq -o json
  22.0 TEL | [46] captured in 0.37 secs.
  22.0 TEL | END SPAN remote.py:104(wait_for_pod)   17.9s
  22.0 TEL | END SPAN remote.py:142(get_remote_info)   18.6s
  22.0 TEL | BEGIN SPAN connect.py:37(connect)
  22.0 TEL | [47] Launching kubectl logs: kubectl --context zhongtai-k8s --namespace default logs -f telepresence-1590394182-539615-13442-7f7794b5c9-s2qlq --container telepresence-1590394182-539615-13442 --tail=10
  22.0 TEL | [48] Launching kubectl port-forward: kubectl --context zhongtai-k8s --namespace default port-forward telepresence-1590394182-539615-13442-7f7794b5c9-s2qlq 55423:8022
  22.0 TEL | [49] Running: ssh -F /dev/null -oStrictHostKeyChecking=no -oUserKnownHostsFile=/dev/null -q -p 55423 telepresence@127.0.0.1 /bin/true
  22.1 TEL | [49] exit 255 in 0.04 secs.
  22.3 TEL | [50] Running: ssh -F /dev/null -oStrictHostKeyChecking=no -oUserKnownHostsFile=/dev/null -q -p 55423 telepresence@127.0.0.1 /bin/true
  22.4 TEL | [50] exit 255 in 0.04 secs.
  22.5  48 | Forwarding from 127.0.0.1:55423 -> 8022
  22.5  48 | Forwarding from [::1]:55423 -> 8022
  22.6  47 | 2020-05-25T08:10:04+0000 [-] Loading ./forwarder.py...
  22.6  47 | 2020-05-25T08:10:04+0000 [-] /etc/resolv.conf changed, reparsing
  22.6  47 | 2020-05-25T08:10:04+0000 [-] Resolver added ('10.55.0.2', 53) to server list
  22.6  47 | 2020-05-25T08:10:04+0000 [-] SOCKSv5Factory starting on 9050
  22.6  47 | 2020-05-25T08:10:04+0000 [socks.SOCKSv5Factory#info] Starting factory <socks.SOCKSv5Factory object at 0x7f6a038bc198>
  22.6  47 | 2020-05-25T08:10:04+0000 [-] DNSDatagramProtocol starting on 9053
  22.6  47 | 2020-05-25T08:10:04+0000 [-] Starting protocol <twisted.names.dns.DNSDatagramProtocol object at 0x7f6a038bc470>
  22.6  47 | 2020-05-25T08:10:04+0000 [-] Loaded.
  22.6  47 | 2020-05-25T08:10:04+0000 [twisted.scripts._twistd_unix.UnixAppLogger#info] twistd 20.3.0 (/usr/bin/python3.6 3.6.8) starting up.
  22.6  47 | 2020-05-25T08:10:04+0000 [twisted.scripts._twistd_unix.UnixAppLogger#info] reactor class: twisted.internet.epollreactor.EPollReactor.
  22.6 TEL | [51] Running: ssh -F /dev/null -oStrictHostKeyChecking=no -oUserKnownHostsFile=/dev/null -q -p 55423 telepresence@127.0.0.1 /bin/true
  22.7  48 | Handling connection for 55423
  22.9 TEL | [51] ran in 0.29 secs.
  22.9 >>> | 
  22.9 >>> | No traffic is being forwarded from the remote Deployment to your local machine. You can use the --expose option to specify which ports you want to forward.
  22.9 >>> | 
  22.9 TEL | Launching Web server for proxy poll
  22.9 TEL | [52] Launching SSH port forward (socks and proxy poll): ssh -N -oServerAliveInterval=1 -oServerAliveCountMax=10 -F /dev/null -oStrictHostKeyChecking=no -oUserKnownHostsFile=/dev/null -q -p 55423 telepresence@127.0.0.1 -L127.0.0.1:55434:127.0.0.1:9050 -R9055:127.0.0.1:55435
  22.9 TEL | END SPAN connect.py:37(connect)    0.9s
  22.9 TEL | BEGIN SPAN remote_env.py:29(get_remote_env)
  22.9 TEL | [53] Capturing: kubectl --context zhongtai-k8s --namespace default exec telepresence-1590394182-539615-13442-7f7794b5c9-s2qlq --container telepresence-1590394182-539615-13442 -- python3 podinfo.py
  22.9  48 | Handling connection for 55423
  23.4 TEL | [53] captured in 0.46 secs.
  23.4 TEL | END SPAN remote_env.py:29(get_remote_env)    0.5s
  23.4 TEL | BEGIN SPAN mount.py:30(mount_remote_volumes)
  23.4 TEL | [54] Running: sshfs -p 55423 -F /dev/null -oStrictHostKeyChecking=no -oUserKnownHostsFile=/dev/null telepresence@127.0.0.1:/ /tmp/tel-tkcbv35t/fs
  23.5  48 | Handling connection for 55423
  23.6 TEL | [54] ran in 0.23 secs.
  23.6 TEL | END SPAN mount.py:30(mount_remote_volumes)    0.2s
  23.6 TEL | BEGIN SPAN vpn.py:280(connect_sshuttle)
  23.6 TEL | BEGIN SPAN vpn.py:77(get_proxy_cidrs)
  23.6 TEL | [55] Capturing: kubectl --context zhongtai-k8s --namespace default get nodes -o json
  24.0 TEL | [55] captured in 0.37 secs.
  24.0 TEL | [56] Capturing: kubectl --context zhongtai-k8s --namespace default get services -o json
  24.3 TEL | [56] captured in 0.31 secs.
  24.3 >>> | Guessing that Services IP range is 10.55.0.0/16. Services started after this point will be inaccessible if are outside this range; restart telepresence if you can't access a new Service.
  24.3 TEL | END SPAN vpn.py:77(get_proxy_cidrs)    0.7s
  24.3 TEL | [57] Launching sshuttle: sshuttle-telepresence -v --dns --method auto -e 'ssh -F /dev/null -oStrictHostKeyChecking=no -oUserKnownHostsFile=/dev/null' -r telepresence@127.0.0.1:55423 --to-ns 127.0.0.1:9053 172.23.4.0/24 10.55.0.0/16 172.23.9.0/24 172.23.1.0/24 172.23.3.0/24 172.23.8.0/24 172.23.6.0/24 172.23.0.0/24 172.23.5.0/24 172.23.7.0/24 172.23.2.0/24
  24.3 TEL | BEGIN SPAN vpn.py:303(connect_sshuttle,sshuttle-wait)
  24.3 TEL | Wait for vpn-tcp connection: hellotelepresence-0
  24.3 TEL | [58] Capturing: python3 -c 'import socket; socket.gethostbyname("hellotelepresence-0")'
  24.9  57 | Starting sshuttle proxy.
  25.4 TEL | [58] exit 1 in 1.13 secs.
  25.4 TEL | [59] Capturing: python3 -c 'import socket; socket.gethostbyname("hellotelepresence-0.a.sanity.check.telepresence.io")'
  25.5 TEL | [59] exit 1 in 0.08 secs.
  25.6 TEL | Wait for vpn-tcp connection: hellotelepresence-1
  25.6 TEL | [60] Capturing: python3 -c 'import socket; socket.gethostbyname("hellotelepresence-1")'
  26.1  57 | firewall manager: Starting firewall with Python version 3.7.7
  26.1  57 | firewall manager: ready method name pf.
  26.1  57 | IPv6 enabled: True
  26.1  57 | UDP enabled: False
  26.1  57 | DNS enabled: True
  26.1  57 | TCP redirector listening on ('::1', 12300, 0, 0).
  26.1  57 | TCP redirector listening on ('127.0.0.1', 12300).
  26.1  57 | DNS listening on ('::1', 12300, 0, 0).
  26.1  57 | DNS listening on ('127.0.0.1', 12300).
  26.1  57 | Starting client with Python version 3.7.7
  26.1  57 | c : connecting to server...
  26.1  48 | Handling connection for 55423
  26.2  57 | Warning: Permanently added '[127.0.0.1]:55423' (ECDSA) to the list of known hosts.
  26.4  57 | Starting server with Python version 3.6.8
  26.4  57 |  s: latency control setting = True
  26.4  57 |  s: available routes:
  26.4  57 |  s:   2/172.23.0.0/16
  26.4  57 |  s:   2/172.23.7.0/24
  26.4  57 | c : Connected.
  26.4  57 | firewall manager: setting up.
  26.4  57 | >> pfctl -s Interfaces -i lo -v
  26.4  57 | >> pfctl -s all
  26.4  57 | >> pfctl -a sshuttle6-12300 -f /dev/stdin
  26.4  57 | >> pfctl -E
  26.4  57 | >> pfctl -s Interfaces -i lo -v
  26.4  57 | >> pfctl -s all
  26.4  57 | >> pfctl -a sshuttle-12300 -f /dev/stdin
  26.4  57 | >> pfctl -E
  26.7 TEL | [60] exit 1 in 1.11 secs.
  26.7 TEL | [61] Capturing: python3 -c 'import socket; socket.gethostbyname("hellotelepresence-1.a.sanity.check.telepresence.io")'
  26.7  57 | c : DNS request from ('10.40.42.169', 52548) to None: 59 bytes
  26.7  57 | c : DNS request from ('10.40.42.169', 56593) to None: 58 bytes
  26.8  57 | c : DNS request from ('10.40.42.169', 57791) to None: 68 bytes
  26.8 TEL | [61] exit 1 in 0.13 secs.
  26.9 TEL | Wait for vpn-tcp connection: hellotelepresence-2
  27.0 TEL | [62] Capturing: python3 -c 'import socket; socket.gethostbyname("hellotelepresence-2")'
  27.0  47 | 2020-05-25T08:10:09+0000 [stdout#info] 12 query: b'lb._dns-sd._udp.0.99.168.192.in-addr.arpa'
  27.0  47 | 2020-05-25T08:10:09+0000 [DNSDatagramProtocol (UDP)] DNSDatagramProtocol starting on 36751
  27.0  47 | 2020-05-25T08:10:09+0000 [DNSDatagramProtocol (UDP)] Starting protocol <twisted.names.dns.DNSDatagramProtocol object at 0x7f6a038bcc50>
  27.0  47 | 2020-05-25T08:10:09+0000 [stdout#info] 12 query: b'b._dns-sd._udp.0.99.168.192.in-addr.arpa'
  27.0  47 | 2020-05-25T08:10:09+0000 [DNSDatagramProtocol (UDP)] DNSDatagramProtocol starting on 25176
  27.0  47 | 2020-05-25T08:10:09+0000 [DNSDatagramProtocol (UDP)] Starting protocol <twisted.names.dns.DNSDatagramProtocol object at 0x7f6a038bceb8>
  27.0  47 | 2020-05-25T08:10:09+0000 [stdout#info] Sanity check: b'hellotelepresence-1.a.sanity.check.telepresence.io'
  27.0  47 | 2020-05-25T08:10:09+0000 [-] (UDP Port 25176 Closed)
  27.0  47 | 2020-05-25T08:10:09+0000 [-] Stopping protocol <twisted.names.dns.DNSDatagramProtocol object at 0x7f6a038bceb8>
  27.0  47 | 2020-05-25T08:10:09+0000 [-] (UDP Port 36751 Closed)
  27.0  47 | 2020-05-25T08:10:09+0000 [-] Stopping protocol <twisted.names.dns.DNSDatagramProtocol object at 0x7f6a038bcc50>
  27.0  57 | c : DNS request from ('10.40.42.169', 51375) to None: 37 bytes
  27.0 TEL | [62] captured in 0.07 secs.
  27.0 TEL | Resolved hellotelepresence-2. 2 more...
  27.0 TEL | [63] Capturing: python3 -c 'import socket; socket.gethostbyname("hellotelepresence-2.a.sanity.check.telepresence.io")'
  27.1  57 | c : DNS request from ('10.40.42.169', 58687) to None: 68 bytes
  27.1 TEL | [63] exit 1 in 0.07 secs.
  27.2 TEL | Wait for vpn-tcp connection: hellotelepresence-3
  27.2 TEL | [64] Capturing: python3 -c 'import socket; socket.gethostbyname("hellotelepresence-3")'
  27.2  47 | 2020-05-25T08:10:09+0000 [stdout#info] Set DNS suffix we filter out to: [()]
  27.2  47 | 2020-05-25T08:10:09+0000 [stdout#info] Result for b'hellotelepresence-2' is ['127.0.0.1']
  27.2  47 | 2020-05-25T08:10:09+0000 [stdout#info] Sanity check: b'hellotelepresence-2.a.sanity.check.telepresence.io'
  27.2  57 | c : DNS request from ('10.40.42.169', 50876) to None: 37 bytes
  27.3 TEL | [64] captured in 0.07 secs.
  27.3 TEL | Resolved hellotelepresence-3. 1 more...
  27.3 TEL | [65] Capturing: python3 -c 'import socket; socket.gethostbyname("hellotelepresence-3.a.sanity.check.telepresence.io")'
  27.3  57 | c : DNS request from ('10.40.42.169', 55184) to None: 68 bytes
  27.3 TEL | [65] exit 1 in 0.07 secs.
  27.4 TEL | Wait for vpn-tcp connection: hellotelepresence-4
  27.4 TEL | [66] Capturing: python3 -c 'import socket; socket.gethostbyname("hellotelepresence-4")'
  27.5  47 | 2020-05-25T08:10:09+0000 [stdout#info] Result for b'hellotelepresence-3' is ['127.0.0.1']
  27.5  47 | 2020-05-25T08:10:09+0000 [stdout#info] Sanity check: b'hellotelepresence-3.a.sanity.check.telepresence.io'
  27.5  57 | c : DNS request from ('10.40.42.169', 53455) to None: 37 bytes
  27.5 TEL | [66] captured in 0.07 secs.
  27.5 TEL | Resolved hellotelepresence-4. 0 more...
  27.5 TEL | END SPAN vpn.py:303(connect_sshuttle,sshuttle-wait)    3.2s
  27.5 TEL | END SPAN vpn.py:280(connect_sshuttle)    3.9s
  27.5 >>> | Connected. Flushing DNS cache.
  27.5 TEL | [67] Running: sudo -n /usr/bin/pkill -HUP mDNSResponder
  27.6 TEL | [67] ran in 0.06 secs.
  27.6  57 | c : DNS request from ('10.40.42.169', 51909) to None: 57 bytes
  27.6  57 | c : DNS request from ('10.40.42.169', 60253) to None: 57 bytes
  27.6  57 | c : DNS request from ('10.40.42.169', 57880) to None: 56 bytes
  27.6  57 | c : DNS request from ('10.40.42.169', 49642) to None: 58 bytes
  27.6  57 | c : DNS request from ('10.40.42.169', 59332) to None: 58 bytes
  27.6  57 | c : DNS request from ('10.40.42.169', 52548) to None: 59 bytes
  27.6  57 | c : DNS request from ('10.40.42.169', 53459) to None: 57 bytes
  27.6  57 | c : DNS request from ('10.40.42.169', 64873) to None: 58 bytes
  27.6  57 | c : DNS request from ('10.40.42.169', 56828) to None: 57 bytes
  27.6  57 | c : DNS request from ('10.40.42.169', 57192) to None: 58 bytes
  27.6  57 | c : DNS request from ('10.40.42.169', 56593) to None: 58 bytes
  27.6  57 | c : DNS request from ('10.40.42.169', 56265) to None: 59 bytes
  27.7  57 | c : DNS request from ('10.40.42.169', 54451) to None: 23 bytes
  27.7  47 | 2020-05-25T08:10:10+0000 [stdout#info] Result for b'hellotelepresence-4' is ['127.0.0.1']
  27.7  47 | 2020-05-25T08:10:10+0000 [stdout#info] 12 query: b'lb._dns-sd._udp.0.40.40.10.in-addr.arpa'
  27.7  47 | 2020-05-25T08:10:10+0000 [DNSDatagramProtocol (UDP)] DNSDatagramProtocol starting on 29970
  27.7  47 | 2020-05-25T08:10:10+0000 [DNSDatagramProtocol (UDP)] Starting protocol <twisted.names.dns.DNSDatagramProtocol object at 0x7f6a038bce80>
  27.7  47 | 2020-05-25T08:10:10+0000 [stdout#info] 12 query: b'db._dns-sd._udp.0.40.40.10.in-addr.arpa'
  27.7  47 | 2020-05-25T08:10:10+0000 [DNSDatagramProtocol (UDP)] DNSDatagramProtocol starting on 50831
  27.7  47 | 2020-05-25T08:10:10+0000 [DNSDatagramProtocol (UDP)] Starting protocol <twisted.names.dns.DNSDatagramProtocol object at 0x7f6a038bca90>
  27.7  47 | 2020-05-25T08:10:10+0000 [stdout#info] 12 query: b'b._dns-sd._udp.0.40.40.10.in-addr.arpa'
  27.7  47 | 2020-05-25T08:10:10+0000 [DNSDatagramProtocol (UDP)] DNSDatagramProtocol starting on 13005
  27.7  47 | 2020-05-25T08:10:10+0000 [DNSDatagramProtocol (UDP)] Starting protocol <twisted.names.dns.DNSDatagramProtocol object at 0x7f6a038d6208>
  27.7  47 | 2020-05-25T08:10:10+0000 [stdout#info] 12 query: b'lb._dns-sd._udp.0.55.211.10.in-addr.arpa'
  27.7  47 | 2020-05-25T08:10:10+0000 [DNSDatagramProtocol (UDP)] DNSDatagramProtocol starting on 22084
  27.7  47 | 2020-05-25T08:10:10+0000 [DNSDatagramProtocol (UDP)] Starting protocol <twisted.names.dns.DNSDatagramProtocol object at 0x7f6a038d6438>
  27.7  47 | 2020-05-25T08:10:10+0000 [stdout#info] 12 query: b'lb._dns-sd._udp.0.129.37.10.in-addr.arpa'
  27.7  47 | 2020-05-25T08:10:10+0000 [DNSDatagramProtocol (UDP)] DNSDatagramProtocol starting on 8577
  27.7  47 | 2020-05-25T08:10:10+0000 [DNSDatagramProtocol (UDP)] Starting protocol <twisted.names.dns.DNSDatagramProtocol object at 0x7f6a038d6668>
  27.7  47 | 2020-05-25T08:10:10+0000 [stdout#info] 12 query: b'lb._dns-sd._udp.0.99.168.192.in-addr.arpa'
  27.7  47 | 2020-05-25T08:10:10+0000 [DNSDatagramProtocol (UDP)] DNSDatagramProtocol starting on 27882
  27.7  47 | 2020-05-25T08:10:10+0000 [DNSDatagramProtocol (UDP)] Starting protocol <twisted.names.dns.DNSDatagramProtocol object at 0x7f6a038d6898>
  27.7  47 | 2020-05-25T08:10:10+0000 [stdout#info] 12 query: b'b._dns-sd._udp.0.55.211.10.in-addr.arpa'
  27.7  47 | 2020-05-25T08:10:10+0000 [DNSDatagramProtocol (UDP)] DNSDatagramProtocol starting on 24393
  27.7  47 | 2020-05-25T08:10:10+0000 [DNSDatagramProtocol (UDP)] Starting protocol <twisted.names.dns.DNSDatagramProtocol object at 0x7f6a038d6ac8>
  27.7  47 | 2020-05-25T08:10:10+0000 [stdout#info] 12 query: b'db._dns-sd._udp.0.55.211.10.in-addr.arpa'
  27.7  47 | 2020-05-25T08:10:10+0000 [DNSDatagramProtocol (UDP)] DNSDatagramProtocol starting on 29754
  27.7  47 | 2020-05-25T08:10:10+0000 [DNSDatagramProtocol (UDP)] Starting protocol <twisted.names.dns.DNSDatagramProtocol object at 0x7f6a038d6cf8>
  27.7  47 | 2020-05-25T08:10:10+0000 [stdout#info] 12 query: b'b._dns-sd._udp.0.129.37.10.in-addr.arpa'
  27.7  47 | 2020-05-25T08:10:10+0000 [DNSDatagramProtocol (UDP)] DNSDatagramProtocol starting on 63923
  27.7  47 | 2020-05-25T08:10:10+0000 [DNSDatagramProtocol (UDP)] Starting protocol <twisted.names.dns.DNSDatagramProtocol object at 0x7f6a038d6f28>
  27.7  47 | 2020-05-25T08:10:10+0000 [stdout#info] 12 query: b'db._dns-sd._udp.0.129.37.10.in-addr.arpa'
  27.7  47 | 2020-05-25T08:10:10+0000 [DNSDatagramProtocol (UDP)] DNSDatagramProtocol starting on 37014
  27.7  47 | 2020-05-25T08:10:10+0000 [DNSDatagramProtocol (UDP)] Starting protocol <twisted.names.dns.DNSDatagramProtocol object at 0x7f6a03868198>
  27.7  47 | 2020-05-25T08:10:10+0000 [stdout#info] 12 query: b'b._dns-sd._udp.0.99.168.192.in-addr.arpa'
  27.7  47 | 2020-05-25T08:10:10+0000 [DNSDatagramProtocol (UDP)] DNSDatagramProtocol starting on 46033
  27.7  47 | 2020-05-25T08:10:10+0000 [DNSDatagramProtocol (UDP)] Starting protocol <twisted.names.dns.DNSDatagramProtocol object at 0x7f6a038683c8>
  27.7  47 | 2020-05-25T08:10:10+0000 [stdout#info] 12 query: b'db._dns-sd._udp.0.99.168.192.in-addr.arpa'
  27.7  47 | 2020-05-25T08:10:10+0000 [DNSDatagramProtocol (UDP)] DNSDatagramProtocol starting on 42726
  27.7  47 | 2020-05-25T08:10:10+0000 [DNSDatagramProtocol (UDP)] Starting protocol <twisted.names.dns.DNSDatagramProtocol object at 0x7f6a038685f8>
  27.7  47 | 2020-05-25T08:10:10+0000 [-] (UDP Port 13005 Closed)
  27.7  47 | 2020-05-25T08:10:10+0000 [-] Stopping protocol <twisted.names.dns.DNSDatagramProtocol object at 0x7f6a038d6208>
  27.7  47 | 2020-05-25T08:10:10+0000 [-] (UDP Port 27882 Closed)
  27.7  47 | 2020-05-25T08:10:10+0000 [-] Stopping protocol <twisted.names.dns.DNSDatagramProtocol object at 0x7f6a038d6898>
  27.7  47 | 2020-05-25T08:10:10+0000 [-] (UDP Port 29970 Closed)
  27.7  47 | 2020-05-25T08:10:10+0000 [-] Stopping protocol <twisted.names.dns.DNSDatagramProtocol object at 0x7f6a038bce80>
  27.7  47 | 2020-05-25T08:10:10+0000 [-] (UDP Port 46033 Closed)
  27.7  47 | 2020-05-25T08:10:10+0000 [-] Stopping protocol <twisted.names.dns.DNSDatagramProtocol object at 0x7f6a038683c8>
  27.7  47 | 2020-05-25T08:10:10+0000 [-] (UDP Port 22084 Closed)
  27.7  47 | 2020-05-25T08:10:10+0000 [-] Stopping protocol <twisted.names.dns.DNSDatagramProtocol object at 0x7f6a038d6438>
  27.7  47 | 2020-05-25T08:10:10+0000 [-] (UDP Port 24393 Closed)
  27.7  47 | 2020-05-25T08:10:10+0000 [-] Stopping protocol <twisted.names.dns.DNSDatagramProtocol object at 0x7f6a038d6ac8>
  27.7  47 | 2020-05-25T08:10:10+0000 [-] (UDP Port 63923 Closed)
  27.7  47 | 2020-05-25T08:10:10+0000 [-] Stopping protocol <twisted.names.dns.DNSDatagramProtocol object at 0x7f6a038d6f28>
  27.7  47 | 2020-05-25T08:10:10+0000 [-] (UDP Port 37014 Closed)
  27.7  47 | 2020-05-25T08:10:10+0000 [-] Stopping protocol <twisted.names.dns.DNSDatagramProtocol object at 0x7f6a03868198>
  27.7  47 | 2020-05-25T08:10:10+0000 [-] (UDP Port 42726 Closed)
  27.7  47 | 2020-05-25T08:10:10+0000 [-] Stopping protocol <twisted.names.dns.DNSDatagramProtocol object at 0x7f6a038685f8>
  27.7  47 | 2020-05-25T08:10:10+0000 [stdout#info] 6 query: b'local'
  27.7  47 | 2020-05-25T08:10:10+0000 [DNSDatagramProtocol (UDP)] DNSDatagramProtocol starting on 12416
  27.7  47 | 2020-05-25T08:10:10+0000 [DNSDatagramProtocol (UDP)] Starting protocol <twisted.names.dns.DNSDatagramProtocol object at 0x7f6a038d6f98>
  27.9  47 | 2020-05-25T08:10:10+0000 [-] (UDP Port 8577 Closed)
  27.9  47 | 2020-05-25T08:10:10+0000 [-] Stopping protocol <twisted.names.dns.DNSDatagramProtocol object at 0x7f6a038d6668>
  27.9  47 | 2020-05-25T08:10:10+0000 [-] (UDP Port 12416 Closed)
  27.9  47 | 2020-05-25T08:10:10+0000 [-] Stopping protocol <twisted.names.dns.DNSDatagramProtocol object at 0x7f6a038d6f98>
  28.1  47 | 2020-05-25T08:10:10+0000 [-] (UDP Port 50831 Closed)
  28.1  47 | 2020-05-25T08:10:10+0000 [-] Stopping protocol <twisted.names.dns.DNSDatagramProtocol object at 0x7f6a038bca90>
  28.1  47 | 2020-05-25T08:10:10+0000 [-] (UDP Port 29754 Closed)
  28.1  47 | 2020-05-25T08:10:10+0000 [-] Stopping protocol <twisted.names.dns.DNSDatagramProtocol object at 0x7f6a038d6cf8>
  29.8 >>> | Setup complete. Launching your command.
  29.8 TEL | Everything launched. Waiting to exit...
  29.8 TEL | BEGIN SPAN runner.py:726(wait_for_exit)
  31.2 TEL | [68] Running: sudo -n echo -n
  31.2  57 | c : DNS request from ('10.40.42.169', 55920) to None: 44 bytes
  31.2  57 | c : DNS request from ('10.40.42.169', 61003) to None: 44 bytes
  31.2 TEL | [68] ran in 0.04 secs.
  31.4  47 | 2020-05-25T08:10:13+0000 [stdout#info] A query: b'xlmacclient.rcv.sandai.net'
  31.4  47 | 2020-05-25T08:10:13+0000 [stdout#info] AAAA query, sending back A instead: b'xlmacclient.rcv.sandai.net'
  31.4  47 | 2020-05-25T08:10:13+0000 [stdout#info] A query: b'xlmacclient.rcv.sandai.net'
  31.4  47 | 2020-05-25T08:10:13+0000 [stdout#info] Result for b'xlmacclient.rcv.sandai.net' is ['180.163.203.56']
  31.4  47 | 2020-05-25T08:10:13+0000 [stdout#info] Result for b'xlmacclient.rcv.sandai.net' is ['180.163.203.56']
  32.4  57 | c : DNS request from ('10.40.42.169', 61717) to None: 23 bytes
  32.6  47 | 2020-05-25T08:10:14+0000 [stdout#info] 6 query: b'local'
  32.6  47 | 2020-05-25T08:10:14+0000 [DNSDatagramProtocol (UDP)] DNSDatagramProtocol starting on 20545
  32.6  47 | 2020-05-25T08:10:14+0000 [DNSDatagramProtocol (UDP)] Starting protocol <twisted.names.dns.DNSDatagramProtocol object at 0x7f6a038d6ef0>
  32.6  47 | 2020-05-25T08:10:14+0000 [-] (UDP Port 20545 Closed)
  32.6  47 | 2020-05-25T08:10:14+0000 [-] Stopping protocol <twisted.names.dns.DNSDatagramProtocol object at 0x7f6a038d6ef0>
  51.7 TEL | (proxy checking local liveness)
  51.9  47 | 2020-05-25T08:10:34+0000 [Poll#info] Checkpoint
  61.3 TEL | [69] Running: sudo -n echo -n
  61.3 TEL | [69] ran in 0.03 secs.
  71.8  57 | c : DNS request from ('10.40.42.169', 59286) to None: 44 bytes
  72.0  47 | 2020-05-25T08:10:54+0000 [stdout#info] A query: b'xlmacclient.rcv.sandai.net'
  72.0  47 | 2020-05-25T08:10:54+0000 [stdout#info] Result for b'xlmacclient.rcv.sandai.net' is ['180.163.203.56']
  78.5 TEL | Main process (bash --norc)
  78.5 TEL |  exited with code 55.
  78.6 TEL | END SPAN runner.py:726(wait_for_exit)   48.7s
  78.6 >>> | Your process exited with return code 55.
  78.6 TEL | EXITING successful session.
  78.6 >>> | Exit cleanup in progress
  78.6 TEL | (Cleanup) Terminate local process
  78.6 TEL | Local process is already dead (ret=55)
  78.6 TEL | (Cleanup) Kill BG process [57] sshuttle
  78.6  57 | >> pfctl -a sshuttle6-12300 -F all
  78.6 TEL | (Cleanup) Unmount remote filesystem
  78.6 TEL | [70] Running: umount -f /tmp/tel-tkcbv35t/fs
  78.6  57 | >> pfctl -X 9490036655373038711
  78.6  57 | >> pfctl -a sshuttle-12300 -F all
  78.6  57 | >> pfctl -X 9490036655310650135
  78.6 TEL | [70] ran in 0.04 secs.
  78.6 TEL | (Cleanup) Kill BG process [52] SSH port forward (socks and proxy poll)
  78.6 TEL | [52] SSH port forward (socks and proxy poll): exit 0
  78.6 TEL | (Cleanup) Kill Web server for proxy poll
  78.6 TEL | [57] sshuttle: exit -15
  78.8 TEL | (Cleanup) Kill BG process [48] kubectl port-forward
  78.8 TEL | [48] kubectl port-forward: exit -15
  78.8 TEL | (Cleanup) Kill BG process [47] kubectl logs
  78.8 TEL | [47] kubectl logs: exit -15
  78.8 TEL | Background process (kubectl logs) exited with return code -15. Command was:
  78.8 TEL |   kubectl --context zhongtai-k8s --namespace default logs -f telepresence-1590394182-539615-13442-7f7794b5c9-s2qlq --container telepresence-1590394182-539615-13442 --tail=10
  78.8 TEL | 
  78.8 TEL | Recent output was:
  78.8 TEL |   2020-05-25T08:10:13+0000 [stdout#info] Result for b'xlmacclient.rcv.sandai.net' is ['180.163.203.56']
  78.8 TEL |   2020-05-25T08:10:13+0000 [stdout#info] Result for b'xlmacclient.rcv.sandai.net' is ['180.163.203.56']
  78.8 TEL |   2020-05-25T08:10:14+0000 [stdout#info] 6 query: b'local'
  78.8 TEL |   2020-05-25T08:10:14+0000 [DNSDatagramProtocol (UDP)] DNSDatagramProtocol starting on 20545
  78.8 TEL |   2020-05-25T08:10:14+0000 [DNSDatagramProtocol (UDP)] Starting protocol <twisted.names.dns.DNSDatagramProtocol object at 0x7f6a038d6ef0>
  78.8 TEL |   2020-05-25T08:10:14+0000 [-] (UDP Port 20545 Closed)
  78.8 TEL |   2020-05-25T08:10:14+0000 [-] Stopping protocol <twisted.names.dns.DNSDatagramProtocol object at 0x7f6a038d6ef0>
  78.8 TEL |   2020-05-25T08:10:34+0000 [Poll#info] Checkpoint
  78.8 TEL |   2020-05-25T08:10:54+0000 [stdout#info] A query: b'xlmacclient.rcv.sandai.net'
  78.8 TEL |   2020-05-25T08:10:54+0000 [stdout#info] Result for b'xlmacclient.rcv.sandai.net' is ['180.163.203.56']
  78.8 TEL | (Cleanup) Delete new deployment
  78.8 >>> | Cleaning up Deployment telepresence-1590394182-539615-13442
  78.8 TEL | [71] Running: kubectl --context zhongtai-k8s --namespace default delete --ignore-not-found svc,deploy --selector=telepresence=fb175b96372a4e9aa4c2a77c7fab4683
  79.1  71 | deployment.extensions "telepresence-1590394182-539615-13442" deleted
  79.1 TEL | [71] ran in 0.32 secs.
  79.1 TEL | (Cleanup) Kill sudo privileges holder
  79.1 TEL | (Cleanup) Stop time tracking
  79.1 TEL | END SPAN main.py:40(main)   79.1s
  79.1 TEL | SPAN SUMMARY:
  79.1 TEL |   79.1s main.py:40(main)
  79.1 TEL |    1.0s   startup.py:83(set_kube_command)
  79.1 TEL |    0.1s     1 kubectl config current-context
  79.1 TEL |    0.3s     2 kubectl --context zhongtai-k8s version --short
  79.1 TEL |    0.1s     3 kubectl --context zhongtai-k8s config view -o json
  79.1 TEL |    0.3s     4 kubectl --context zhongtai-k8s get ns default
  79.1 TEL |    0.3s     5 kubectl --context zhongtai-k8s api-versions
  79.1 TEL |    0.0s   6 ssh -V
  79.1 TEL |    0.0s   7 sudo -n echo -n
  79.1 TEL |    0.3s   8 kubectl --context zhongtai-k8s --namespace default get pods telepresence-conne
  79.1 TEL |    0.8s   deployment.py:182(create_new_deployment)
  79.1 TEL |    0.3s     9 kubectl --context zhongtai-k8s --namespace default delete --ignore-not-found s
  79.1 TEL |    0.5s     10 kubectl --context zhongtai-k8s --namespace default create -f -
  79.1 TEL |   18.6s   remote.py:142(get_remote_info)
  79.1 TEL |    0.3s     remote.py:75(get_deployment_json)
  79.1 TEL |    0.3s       11 kubectl --context zhongtai-k8s --namespace default get deployment -o json --s
  79.1 TEL |    0.3s     12 kubectl --context zhongtai-k8s --namespace default get pod -o json --selector
  79.1 TEL |   17.9s     remote.py:104(wait_for_pod)
  79.1 TEL |    0.3s       13 kubectl --context zhongtai-k8s --namespace default get pod telepresence-15903
  79.1 TEL |    0.4s       14 kubectl --context zhongtai-k8s --namespace default get pod telepresence-15903
  79.1 TEL |    0.3s       15 kubectl --context zhongtai-k8s --namespace default get pod telepresence-15903
  79.1 TEL |    0.3s       16 kubectl --context zhongtai-k8s --namespace default get pod telepresence-15903
  79.1 TEL |    0.3s       17 kubectl --context zhongtai-k8s --namespace default get pod telepresence-15903
  79.1 TEL |    0.3s       18 kubectl --context zhongtai-k8s --namespace default get pod telepresence-15903
  79.1 TEL |    0.3s       19 kubectl --context zhongtai-k8s --namespace default get pod telepresence-15903
  79.1 TEL |    0.3s       20 kubectl --context zhongtai-k8s --namespace default get pod telepresence-15903
  79.1 TEL |    0.3s       21 kubectl --context zhongtai-k8s --namespace default get pod telepresence-15903
  79.1 TEL |    0.3s       22 kubectl --context zhongtai-k8s --namespace default get pod telepresence-15903
  79.1 TEL |    0.3s       23 kubectl --context zhongtai-k8s --namespace default get pod telepresence-15903
  79.1 TEL |    0.3s       24 kubectl --context zhongtai-k8s --namespace default get pod telepresence-15903
  79.1 TEL |    0.3s       25 kubectl --context zhongtai-k8s --namespace default get pod telepresence-15903
  79.1 TEL |    0.3s       26 kubectl --context zhongtai-k8s --namespace default get pod telepresence-15903
  79.1 TEL |    0.3s       27 kubectl --context zhongtai-k8s --namespace default get pod telepresence-15903
  79.1 TEL |    0.3s       28 kubectl --context zhongtai-k8s --namespace default get pod telepresence-15903
  79.1 TEL |    0.3s       29 kubectl --context zhongtai-k8s --namespace default get pod telepresence-15903
  79.1 TEL |    0.3s       30 kubectl --context zhongtai-k8s --namespace default get pod telepresence-15903
  79.1 TEL |    0.3s       31 kubectl --context zhongtai-k8s --namespace default get pod telepresence-15903
  79.1 TEL |    0.3s       32 kubectl --context zhongtai-k8s --namespace default get pod telepresence-15903
  79.1 TEL |    0.3s       33 kubectl --context zhongtai-k8s --namespace default get pod telepresence-15903
  79.1 TEL |    0.3s       34 kubectl --context zhongtai-k8s --namespace default get pod telepresence-15903
  79.1 TEL |    0.3s       35 kubectl --context zhongtai-k8s --namespace default get pod telepresence-15903
  79.1 TEL |    0.3s       36 kubectl --context zhongtai-k8s --namespace default get pod telepresence-15903
  79.1 TEL |    0.3s       37 kubectl --context zhongtai-k8s --namespace default get pod telepresence-15903
  79.1 TEL |    0.4s       38 kubectl --context zhongtai-k8s --namespace default get pod telepresence-15903
  79.1 TEL |    0.3s       39 kubectl --context zhongtai-k8s --namespace default get pod telepresence-15903
  79.1 TEL |    0.3s       40 kubectl --context zhongtai-k8s --namespace default get pod telepresence-15903
  79.1 TEL |    0.3s       41 kubectl --context zhongtai-k8s --namespace default get pod telepresence-15903
  79.1 TEL |    0.3s       42 kubectl --context zhongtai-k8s --namespace default get pod telepresence-15903
  79.1 TEL |    0.3s       43 kubectl --context zhongtai-k8s --namespace default get pod telepresence-15903
  79.1 TEL |    0.3s       44 kubectl --context zhongtai-k8s --namespace default get pod telepresence-15903
  79.1 TEL |    0.3s       45 kubectl --context zhongtai-k8s --namespace default get pod telepresence-15903
  79.1 TEL |    0.4s       46 kubectl --context zhongtai-k8s --namespace default get pod telepresence-15903
  79.1 TEL |    0.9s   connect.py:37(connect)
  79.1 TEL |    0.0s     49 ssh -F /dev/null -oStrictHostKeyChecking=no -oUserKnownHostsFile=/dev/null -q
  79.1 TEL |    0.0s     50 ssh -F /dev/null -oStrictHostKeyChecking=no -oUserKnownHostsFile=/dev/null -q
  79.1 TEL |    0.3s     51 ssh -F /dev/null -oStrictHostKeyChecking=no -oUserKnownHostsFile=/dev/null -q
  79.1 TEL |    0.5s   remote_env.py:29(get_remote_env)
  79.1 TEL |    0.5s     53 kubectl --context zhongtai-k8s --namespace default exec telepresence-15903941
  79.1 TEL |    0.2s   mount.py:30(mount_remote_volumes)
  79.1 TEL |    0.2s     54 sshfs -p 55423 -F /dev/null -oStrictHostKeyChecking=no -oUserKnownHostsFile=/
  79.1 TEL |    3.9s   vpn.py:280(connect_sshuttle)
  79.1 TEL |    0.7s     vpn.py:77(get_proxy_cidrs)
  79.1 TEL |    0.4s       55 kubectl --context zhongtai-k8s --namespace default get nodes -o json
  79.1 TEL |    0.3s       56 kubectl --context zhongtai-k8s --namespace default get services -o json
  79.1 TEL |    3.2s     vpn.py:303(connect_sshuttle,sshuttle-wait)
  79.1 TEL |    1.1s       58 python3 -c 'import socket; socket.gethostbyname("hellotelepresence-0")'
  79.1 TEL |    0.1s       59 python3 -c 'import socket; socket.gethostbyname("hellotelepresence-0.a.sanity
  79.1 TEL |    1.1s       60 python3 -c 'import socket; socket.gethostbyname("hellotelepresence-1")'
  79.1 TEL |    0.1s       61 python3 -c 'import socket; socket.gethostbyname("hellotelepresence-1.a.sanity
  79.1 TEL |    0.1s       62 python3 -c 'import socket; socket.gethostbyname("hellotelepresence-2")'
  79.1 TEL |    0.1s       63 python3 -c 'import socket; socket.gethostbyname("hellotelepresence-2.a.sanity
  79.1 TEL |    0.1s       64 python3 -c 'import socket; socket.gethostbyname("hellotelepresence-3")'
  79.1 TEL |    0.1s       65 python3 -c 'import socket; socket.gethostbyname("hellotelepresence-3.a.sanity
  79.1 TEL |    0.1s       66 python3 -c 'import socket; socket.gethostbyname("hellotelepresence-4")'
  79.1 TEL |    0.1s   67 sudo -n /usr/bin/pkill -HUP mDNSResponder
  79.1 TEL |   48.7s   runner.py:726(wait_for_exit)
  79.1 TEL |    0.0s     68 sudo -n echo -n
  79.1 TEL |    0.0s     69 sudo -n echo -n
  79.1 TEL |    0.0s   70 umount -f /tmp/tel-tkcbv35t/fs
  79.1 TEL |    0.3s   71 kubectl --context zhongtai-k8s --namespace default delete --ignore-not-found
  79.1 TEL | (Cleanup) Remove temporary directory
  79.3 TEL | (Cleanup) Save caches
  79.4 TEL | (sudo privileges holder thread exiting)
